\BOOKMARK [1][-]{section.1}{\376\377\236\246\121\113\145\257\227\346\145\271\172\013\176\304}{}% 1
\BOOKMARK [2][-]{subsection.1.1}{\376\377\227\131\165\065\163\260\214\141\166\204\127\372\147\054\164\006\213\272\143\317\217\360}{section.1}% 2
\BOOKMARK [3][-]{subsubsection.1.1.1}{\376\377\136\223\117\046\133\232\137\213\000\050\000C\000o\000u\000l\000o\000m\000b\000'\000s\000\040\000L\000a\000w\000\051}{subsection.1.1}% 3
\BOOKMARK [3][-]{subsubsection.1.1.2}{\376\377\123\340\122\240\123\237\164\006}{subsection.1.1}% 4
\BOOKMARK [3][-]{subsubsection.1.1.3}{\376\377\165\065\127\072}{subsection.1.1}% 5
\BOOKMARK [3][-]{subsubsection.1.1.4}{\376\377\232\330\145\257\133\232\164\006\000\050\000G\000a\000u\000s\000s\000'\000s\000\040\000L\000a\000w\000\051}{subsection.1.1}% 6
\BOOKMARK [3][-]{subsubsection.1.1.5}{\376\377\227\131\165\065\127\072\163\257\215\357\133\232\164\006}{subsection.1.1}% 7
\BOOKMARK [3][-]{subsubsection.1.1.6}{\376\377\165\065\120\166\147\201\133\120}{subsection.1.1}% 8
\BOOKMARK [2][-]{subsection.1.2}{\376\377\227\131\170\301\163\260\214\141\166\204\127\372\147\054\164\006\213\272\143\317\217\360}{section.1}% 9
\BOOKMARK [3][-]{subsubsection.1.2.1}{\376\377\165\065\155\101\377\010\170\301\166\204\147\145\156\220\377\011}{subsection.1.2}% 10
\BOOKMARK [3][-]{subsubsection.1.2.2}{\376\377\133\211\127\371\133\232\137\213\000\050\000A\000m\000p\000\350\000r\000e\000'\000s\000\040\000L\000a\000w\000\051}{subsection.1.2}% 11
\BOOKMARK [3][-]{subsubsection.1.2.3}{\376\377\170\301\127\072}{subsection.1.2}% 12
\BOOKMARK [3][-]{subsubsection.1.2.4}{\376\377\170\301\127\072\166\204\145\143\136\246\116\016\145\313\136\246}{subsection.1.2}% 13
\BOOKMARK [3][-]{subsubsection.1.2.5}{\376\377\170\301\120\166\147\201\133\120}{subsection.1.2}% 14
\BOOKMARK [2][-]{subsection.1.3}{\376\377\236\246\121\113\145\257\227\346\145\271\172\013\176\304}{section.1}% 15
\BOOKMARK [3][-]{subsubsection.1.3.1}{\376\377\165\065\170\301\141\037\136\224\133\232\137\213}{subsection.1.3}% 16
\BOOKMARK [3][-]{subsubsection.1.3.2}{\376\377\167\037\172\172\116\055\236\246\121\113\145\257\227\346\145\271\172\013\176\304\000\050\000M\000a\000x\000w\000e\000l\000l\000'\000s\000\040\000e\000q\000u\000a\000t\000i\000o\000n\000s\000\051}{subsection.1.3}% 17
\BOOKMARK [2][-]{subsection.1.4}{\376\377\116\313\215\050\116\055\166\204\236\246\121\113\145\257\227\346\145\271\172\013\176\304}{section.1}% 18
\BOOKMARK [3][-]{subsubsection.1.4.1}{\376\377\116\313\215\050\166\204\147\201\123\026\116\016\170\301\123\026}{subsection.1.4}% 19
\BOOKMARK [3][-]{subsubsection.1.4.2}{\376\377\147\201\123\026\165\065\203\167\124\214\170\301\123\026\165\065\155\101}{subsection.1.4}% 20
\BOOKMARK [3][-]{subsubsection.1.4.3}{\376\377\116\313\215\050\116\055\166\204\236\246\121\113\145\257\227\346\145\271\172\013\176\304}{subsection.1.4}% 21
\BOOKMARK [3][-]{subsubsection.1.4.4}{\376\377\147\054\147\204\121\163\174\373}{subsection.1.4}% 22
\BOOKMARK [2][-]{subsection.1.5}{\376\377\236\246\121\113\145\257\227\346\145\271\172\013\176\304\166\204\217\271\165\114\147\141\116\366}{section.1}% 23
\BOOKMARK [2][-]{section*.3}{\376\377\226\104\137\125\000\040\0001\000.\000A\000\040\136\223\117\046\133\232\137\213\166\204\136\163\145\271\123\315\153\324\137\213}{section.1}% 24
\BOOKMARK [2][-]{section*.4}{\376\377\226\104\137\125\000\040\0001\000.\000B\000\040\236\246\121\113\145\257\227\346\145\271\172\013\176\304\166\204\133\214\131\007\140\047}{section.1}% 25
\BOOKMARK [2][-]{section*.5}{\376\377\226\104\137\125\000\040\0001\000.\000C\000\040\170\301\123\125\147\201\133\120}{section.1}% 26
\BOOKMARK [1][-]{section.2}{\376\377\165\065\170\301\127\072\133\210\140\122\133\232\137\213\124\214\133\371\171\360\140\047}{}% 27
\BOOKMARK [2][-]{subsection.2.1}{\376\377\167\037\172\172\116\055\165\065\170\301\127\072\166\204\200\375\221\317\133\210\140\122\133\232\137\213}{section.2}% 28
\BOOKMARK [3][-]{subsubsection.2.1.1}{\376\377\165\065\170\301\127\072\200\375\221\317\126\376\120\317}{subsection.2.1}% 29
\BOOKMARK [3][-]{subsubsection.2.1.2}{\376\377\165\065\170\301\127\072\200\375\221\317\133\306\136\246}{subsection.2.1}% 30
\BOOKMARK [3][-]{subsubsection.2.1.3}{\376\377\121\170\117\213\377\032\177\023\141\142\121\105\165\065\166\204\165\065\133\271\126\150}{subsection.2.1}% 31
\BOOKMARK [2][-]{subsection.2.2}{\376\377\165\065\170\301\127\072\166\204\122\250\221\317\133\210\140\122\133\232\137\213}{section.2}% 32
\BOOKMARK [3][-]{subsubsection.2.2.1}{\376\377\122\250\221\317\133\210\140\122\133\232\137\213}{subsection.2.2}% 33
\BOOKMARK [3][-]{subsubsection.2.2.2}{\376\377\121\170\117\213\377\032\236\246\121\113\145\257\227\346\136\224\122\233\137\040\221\317\213\241\173\227\000\040\000\046\000\040\136\046\165\065\174\222\133\120\122\250\221\317}{subsection.2.2}% 34
\BOOKMARK [3][-]{subsubsection.2.2.3}{\376\377\211\322\122\250\221\317\133\210\140\122\133\232\137\213}{subsection.2.2}% 35
\BOOKMARK [2][-]{subsection.2.3}{\376\377\116\313\215\050\116\055\165\065\170\301\127\072\166\204\133\210\140\122\133\232\137\213}{section.2}% 36
\BOOKMARK [3][-]{subsubsection.2.3.1}{\376\377\116\313\215\050\116\055\166\204\200\375\221\317\133\210\140\122}{subsection.2.3}% 37
\BOOKMARK [3][-]{subsubsection.2.3.2}{\376\377\116\313\215\050\116\055\166\204\122\250\221\317\133\210\140\122}{subsection.2.3}% 38
\BOOKMARK [2][-]{subsection.2.4}{\376\377\165\065\170\301\127\072\166\204\133\371\171\360\116\016\211\304\203\003}{section.2}% 39
\BOOKMARK [3][-]{subsubsection.2.4.1}{\376\377\165\065\170\301\127\072\166\204\133\371\171\360\140\047\377\010\220\350\122\006\377\011}{subsection.2.4}% 40
\BOOKMARK [3][-]{subsubsection.2.4.2}{\376\377\165\065\170\301\127\072\166\204\122\277\116\016\211\304\203\003\133\371\171\360\140\047}{subsection.2.4}% 41
\BOOKMARK [2][-]{section*.6}{\376\377\226\104\137\125\000\040\0002\000.\000A\000\040\121\111\133\120\166\204\201\352\145\313}{section.2}% 42
\BOOKMARK [2][-]{section*.7}{\376\377\226\104\137\125\000\040\0002\000.\000B\000\040\116\313\215\050\116\055\147\201\123\026\000/\170\301\123\026\166\204\200\375\221\317}{section.2}% 43
\BOOKMARK [2][-]{section*.8}{\376\377\226\104\137\125\000\040\0002\000.\000C\000\040\155\262\140\001\116\313\165\065\117\123\121\205\123\327\122\060\166\204\165\065\122\233}{section.2}% 44
\BOOKMARK [2][-]{section*.9}{\376\377\226\104\137\125\000\040\0002\000.\000D\000\040\126\372\117\123\123\327\122\060\166\204\165\065\122\233}{section.2}% 45
\BOOKMARK [1][-]{section.3}{\376\377\227\131\165\065\133\146\000\040\000I}{}% 46
\BOOKMARK [2][-]{subsection.3.1}{\376\377\227\131\165\065\133\146\127\372\147\054\225\356\230\230}{section.3}% 47
\BOOKMARK [3][-]{subsubsection.3.1.1}{\376\377\227\131\165\065\145\271\172\013}{subsection.3.1}% 48
\BOOKMARK [3][-]{subsubsection.3.1.2}{\376\377\227\131\165\065\217\271\165\114\147\141\116\366}{subsection.3.1}% 49
\BOOKMARK [3][-]{subsubsection.3.1.3}{\376\377\150\074\147\227\133\232\164\006}{subsection.3.1}% 50
\BOOKMARK [3][-]{subsubsection.3.1.4}{\376\377\217\271\165\114\147\141\116\366\116\013\166\204\125\057\116\000\140\047\133\232\164\006}{subsection.3.1}% 51
\BOOKMARK [3][-]{subsubsection.3.1.5}{\376\377\227\131\165\065\127\072\217\271\120\074\225\356\230\230\166\204\137\142\137\017\211\343}{subsection.3.1}% 52
\BOOKMARK [2][-]{subsection.3.2}{\376\377\133\374\117\123\174\373\176\337}{section.3}% 53
\BOOKMARK [3][-]{subsubsection.3.2.1}{\376\377\133\374\117\123\166\204\217\271\165\114\147\141\116\366}{subsection.3.2}% 54
\BOOKMARK [3][-]{subsubsection.3.2.2}{\376\377\150\074\147\227\116\222\146\023\133\232\164\006}{subsection.3.2}% 55
\BOOKMARK [3][-]{subsubsection.3.2.3}{\376\377\133\374\117\123\176\304\166\204\200\375\221\317}{subsection.3.2}% 56
\BOOKMARK [3][-]{subsubsection.3.2.4}{\376\377\165\065\133\271}{subsection.3.2}% 57
\BOOKMARK [3][-]{subsubsection.3.2.5}{\376\377\117\134\165\050\127\050\133\374\117\123\116\012\166\204\122\233}{subsection.3.2}% 58
\BOOKMARK [2][-]{subsection.3.3}{\376\377\227\131\165\065\117\123\174\373\166\204\172\063\133\232\140\047\225\356\230\230}{section.3}% 59
\BOOKMARK [3][-]{subsubsection.3.3.1}{\376\377\154\144\131\306\133\131\133\232\164\006\000\050\000T\000h\000o\000m\000s\000o\000n\000'\000s\000\040\000t\000h\000e\000o\000r\000e\000m\000\051}{subsection.3.3}% 60
\BOOKMARK [3][-]{subsubsection.3.3.2}{\376\377\140\151\176\315\133\232\164\006\000\050\000E\000a\000r\000n\000s\000h\000a\000w\000'\000s\000\040\000t\000h\000e\000o\000r\000e\000m\000\051}{subsection.3.3}% 61
\BOOKMARK [2][-]{subsection.3.4}{\376\377\127\372\147\054\166\204\165\065\116\313\215\050\227\131\165\065\133\146}{section.3}% 62
\BOOKMARK [3][-]{subsubsection.3.4.1}{\376\377\165\065\116\313\215\050\166\204\217\271\165\114\147\141\116\366}{subsection.3.4}% 63
\BOOKMARK [3][-]{subsubsection.3.4.2}{\376\377\210\145\121\105\377\032\124\004\124\021\124\014\140\047\116\313\165\065\117\123\166\204\165\065\201\364\117\070\177\051}{subsection.3.4}% 64
\BOOKMARK [3][-]{subsubsection.3.4.3}{\376\377\210\145\121\105\377\032\146\166\117\123\166\204\116\313\165\065\140\047\215\050}{subsection.3.4}% 65
\BOOKMARK [3][-]{subsubsection.3.4.4}{\376\377\210\145\121\105\377\032\123\213\165\065\117\123}{subsection.3.4}% 66
